\BOOKMARK [1][-]{section*.3}{License}{}% 1
\BOOKMARK [1][-]{section*.5}{Overview}{}% 2
\BOOKMARK [1][-]{section*.7}{Password Requirements}{}% 3
\BOOKMARK [1][-]{section*.9}{Cryptanalysis}{}% 4
\BOOKMARK [1][-]{section*.11}{Some Hashes}{}% 5
\BOOKMARK [1][-]{section*.13}{Common Hash Algorithms}{}% 6
\BOOKMARK [1][-]{section*.15}{Example of a shadowed password}{}% 7
\BOOKMARK [1][-]{section*.17}{John the Ripper}{}% 8
\BOOKMARK [1][-]{section*.19}{Passwords From Weak to Strong}{}% 9
\BOOKMARK [1][-]{section*.21}{Entropy}{}% 10
\BOOKMARK [1][-]{section*.23}{Calculating Entropy}{}% 11
\BOOKMARK [1][-]{section*.25}{How Much Entropy?}{}% 12
\BOOKMARK [1][-]{section*.27}{Putting Entropy Into Perspective}{}% 13
\BOOKMARK [1][-]{section*.29}{Another Distributed Computing Project}{}% 14
\BOOKMARK [1][-]{section*.31}{Some Bitcoin Entropy Values}{}% 15
\BOOKMARK [1][-]{section*.33}{Humans Suck At Passwords}{}% 16
\BOOKMARK [1][-]{section*.35}{True Random Offline Password Generators}{}% 17
\BOOKMARK [1][-]{section*.37}{Diceware}{}% 18
\BOOKMARK [1][-]{section*.39}{The PasswordCard}{}% 19
\BOOKMARK [1][-]{section*.41}{Sample PasswordCard}{}% 20
\BOOKMARK [1][-]{section*.43}{Possible PasswordCard Paths}{}% 21
\BOOKMARK [1][-]{section*.45}{Off The Grid}{}% 22
\BOOKMARK [1][-]{section*.47}{Off The Grid Example Card}{}% 23
\BOOKMARK [1][-]{section*.49}{Off The Grid Phase 1}{}% 24
\BOOKMARK [1][-]{section*.51}{Off The Grid Phase 2}{}% 25
\BOOKMARK [1][-]{section*.53}{Conclusion}{}% 26
