\BOOKMARK [1][-]{section*.2}{\376\377\000R\000e\000f\000e\000r\000e\000n\000c\000e\000d\000\040\000D\000o\000c\000u\000m\000e\000n\000t\000a\000t\000i\000o\000n}{}
\BOOKMARK [1][-]{section*.4}{\376\377\000L\000i\000c\000e\000n\000s\000e}{}
\BOOKMARK [1][-]{section*.6}{\376\377\000O\000v\000e\000r\000v\000i\000e\000w}{}
\BOOKMARK [1][-]{section*.8}{\376\377\000P\000r\000e\000l\000i\000m\000i\000n\000a\000r\000i\000e\000s}{}
\BOOKMARK [1][-]{section*.10}{\376\377\000G\000e\000t\000t\000i\000n\000g\000\040\000R\000o\000o\000t}{}
\BOOKMARK [1][-]{section*.12}{\376\377\000S\000i\000n\000g\000l\000e\000-\000U\000s\000e\000r\000\040\000M\000o\000d\000e\000\040\000R\000o\000s\000e\000t\000t\000a}{}
\BOOKMARK [1][-]{section*.14}{\376\377\000P\000a\000s\000s\000w\000o\000r\000d\000\040\000B\000a\000s\000i\000c\000s}{}
\BOOKMARK [1][-]{section*.16}{\376\377\000P\000a\000s\000s\000w\000o\000r\000d\000\040\000T\000h\000e\000o\000r\000y}{}
\BOOKMARK [1][-]{section*.18}{\376\377\000P\000a\000s\000s\000w\000o\000r\000d\000\040\000R\000e\000q\000u\000i\000r\000e\000m\000e\000n\000t\000s}{}
\BOOKMARK [1][-]{section*.20}{\376\377\000C\000r\000y\000p\000t\000a\000n\000a\000l\000y\000s\000i\000s}{}
\BOOKMARK [1][-]{section*.22}{\376\377\000H\000a\000s\000h\000e\000s\000\040\000\046\000\040\000T\000h\000e\000\040\000A\000v\000a\000l\000a\000n\000c\000h\000e\000\040\000E\000f\000f\000e\000c\000t}{}
\BOOKMARK [1][-]{section*.24}{\376\377\000C\000o\000m\000m\000o\000n\000\040\000H\000a\000s\000h\000\040\000A\000l\000g\000o\000r\000i\000t\000h\000m\000s}{}
\BOOKMARK [1][-]{section*.26}{\376\377\000P\000a\000s\000s\000w\000o\000r\000d\000\040\000S\000t\000r\000u\000c\000t\000u\000r\000e\000s}{}
\BOOKMARK [1][-]{section*.28}{\376\377\000S\000h\000a\000d\000o\000w\000e\000d\000\040\000P\000a\000s\000s\000w\000o\000r\000d\000\040\000E\000x\000a\000m\000p\000l\000e}{}
\BOOKMARK [1][-]{section*.30}{\376\377\000C\000r\000a\000c\000k\000i\000n\000g\000\040\000P\000a\000s\000s\000w\000o\000r\000d\000\040\000D\000a\000t\000a\000b\000a\000s\000e\000s}{}
\BOOKMARK [1][-]{section*.32}{\376\377\000J\000o\000h\000n\000\040\000t\000h\000e\000\040\000R\000i\000p\000p\000e\000r}{}
\BOOKMARK [1][-]{section*.34}{\376\377\000Q\000u\000i\000z\000\040\000T\000i\000m\000e\000\040\000-\000\040\000S\000t\000r\000o\000n\000g\000\040\000v\000s\000.\000\040\000W\000e\000a\000k}{}
\BOOKMARK [1][-]{section*.36}{\376\377\000P\000a\000s\000s\000w\000o\000r\000d\000s\000\040\000F\000r\000o\000m\000\040\000W\000e\000a\000k\000\040\000t\000o\000\040\000S\000t\000r\000o\000n\000g}{}
\BOOKMARK [1][-]{section*.38}{\376\377\000E\000n\000t\000r\000o\000p\000y}{}
\BOOKMARK [1][-]{section*.40}{\376\377\000S\000t\000r\000o\000n\000g\000\040\000v\000s\000.\000\040\000W\000e\000a\000k\000\040\000R\000e\000v\000i\000s\000i\000t\000e\000d}{}
\BOOKMARK [1][-]{section*.42}{\376\377\000P\000u\000t\000t\000i\000n\000g\000\040\000E\000n\000t\000r\000o\000p\000y\000\040\000I\000n\000t\000o\000\040\000P\000e\000r\000s\000p\000e\000c\000t\000i\000v\000e}{}
\BOOKMARK [1][-]{section*.44}{\376\377\000O\000n\000e\000\040\000I\000m\000p\000l\000e\000m\000e\000n\000t\000a\000t\000i\000o\000n}{}
\BOOKMARK [1][-]{section*.46}{\376\377\000O\000t\000h\000e\000r\000\040\000I\000m\000p\000l\000e\000m\000e\000n\000t\000a\000t\000i\000o\000n\000s}{}
\BOOKMARK [1][-]{section*.48}{\376\377\000E\000n\000c\000r\000y\000p\000t\000e\000d\000\040\000F\000i\000l\000e\000s\000y\000s\000t\000e\000m\000s}{}
\BOOKMARK [1][-]{section*.50}{\376\377\000C\000o\000l\000d\000\040\000B\000o\000o\000t\000\040\000A\000t\000t\000a\000c\000k}{}
\BOOKMARK [1][-]{section*.52}{\376\377\000E\000v\000i\000l\000\040\000M\000a\000i\000d\000\040\000A\000t\000t\000a\000c\000k}{}
\BOOKMARK [1][-]{section*.54}{\376\377\000C\000o\000n\000c\000l\000u\000s\000i\000o\000n}{}
\BOOKMARK [1][-]{section*.56}{\376\377\000F\000i\000n}{}
